<?xml version="1.0" encoding="UTF-8"?>
<testsuite name="Cucumber" time="5.968" tests="1" skipped="0" failures="0" errors="0">
<testcase classname="Web_DemoSaas_Login_Validation" name="Successful login" time="5.679">
<system-out><![CDATA[
Given I open the login page.................................................passed
When I enter valid credentials..............................................passed
Then I should see the homepage..............................................passed
And I click logout..........................................................passed
And validate the response message "success".................................passed
]]></system-out>
</testcase>
</testsuite>
